<?xml version="1.0" encoding="UTF-8"?>
<!-- Generated by org.testng.reporters.JUnitReportReporter -->
<testsuite hostname="LAPTOP-O6UDEKEP" failures="0" tests="1" name="com.nexsoft.onelist.runner.CucumberRunner" time="34.941" errors="0" timestamp="2022-06-24T14:06:46 ICT" skipped="0">
  <testcase classname="com.nexsoft.onelist.runner.CucumberRunner" name="runScenario" time="34.941"/>
  <system-out/>
</testsuite> <!-- com.nexsoft.onelist.runner.CucumberRunner -->
