<?xml version="1.0" encoding="UTF-8"?>
<!-- Generated by org.testng.reporters.JUnitReportReporter -->
<testsuite hostname="LAPTOP-O6UDEKEP" failures="0" tests="2" name="com.nexsoft.onelist.runner.CucumberRunnerOneList" time="68.745" errors="0" timestamp="2022-06-24T15:00:24 ICT" skipped="0">
  <testcase classname="com.nexsoft.onelist.runner.CucumberRunnerOneList" name="runScenario" time="35.022"/>
  <system-out/>
  <testcase classname="com.nexsoft.onelist.runner.CucumberRunnerOneList" name="runScenario" time="33.723"/>
  <system-out/>
</testsuite> <!-- com.nexsoft.onelist.runner.CucumberRunnerOneList -->
